TN:
SF:models\task.js
FNF:0
FNH:0
DA:1,3
DA:3,3
DA:10,3
LF:3
LH:3
BRF:0
BRH:0
end_of_record
TN:
SF:routes\taskroutes.js
FN:6,(anonymous_0)
FN:17,(anonymous_1)
FN:23,(anonymous_2)
FN:33,(anonymous_3)
FNF:4
FNH:2
FNDA:1,(anonymous_0)
FNDA:1,(anonymous_1)
FNDA:0,(anonymous_2)
FNDA:0,(anonymous_3)
DA:1,1
DA:2,1
DA:3,1
DA:6,1
DA:7,1
DA:8,1
DA:9,1
DA:10,1
DA:12,0
DA:17,1
DA:18,1
DA:19,1
DA:23,1
DA:24,0
DA:25,0
DA:26,0
DA:28,0
DA:33,1
DA:34,0
DA:35,0
DA:36,0
DA:38,0
DA:42,1
LF:23
LH:14
BRF:0
BRH:0
end_of_record
